build/app/intermediates/manifest_merge_blame_file/debug/manifest-merger-blame-debug-report.txt
1<?xml version="1.0" encoding="utf-8"?>
2<manifest xmlns:android="http://schemas.android.com/apk/res/android"
3    package="com.hwaya.khyma"
4    android:versionCode="6"
5    android:versionName="1.0.0" >
6
7    <uses-sdk
8        android:minSdkVersion="17"
9        android:targetSdkVersion="30" />
10    <!--
11         Flutter needs it to communicate with the running application
12         to allow setting breakpoints, to provide hot reload, etc.
13    -->
14    <uses-permission android:name="android.permission.INTERNET" />
14-->src/main/AndroidManifest.xml:3:5-66
14-->src/main/AndroidManifest.xml:3:22-64
15
16    <queries>
16-->[:flutter_inappwebview] AndroidManifest.xml:7:5-11:15
17        <intent>
17-->[:flutter_inappwebview] AndroidManifest.xml:8:9-10:18
18            <action android:name="android.support.customtabs.action.CustomTabsService" />
18-->[:flutter_inappwebview] AndroidManifest.xml:9:13-90
18-->[:flutter_inappwebview] AndroidManifest.xml:9:21-87
19        </intent>
20    </queries>
21
22    <uses-permission android:name="android.permission.RECEIVE_BOOT_COMPLETED" />
22-->[:flutter_local_notifications] AndroidManifest.xml:7:5-81
22-->[:flutter_local_notifications] AndroidManifest.xml:7:22-78
23    <uses-permission android:name="android.permission.VIBRATE" />
23-->[:flutter_local_notifications] AndroidManifest.xml:8:5-66
23-->[:flutter_local_notifications] AndroidManifest.xml:8:22-63
24    <uses-permission android:name="android.permission.USE_FULL_SCREEN_INTENT" />
24-->[:flutter_local_notifications] AndroidManifest.xml:9:5-81
24-->[:flutter_local_notifications] AndroidManifest.xml:9:22-78
25
26    <application
26-->src/main/AndroidManifest.xml:4:4-45:19
27        android:appComponentFactory="androidx.core.app.CoreComponentFactory"
27-->[androidx.core:core:1.3.0] AndroidManifest.xml:24:18-86
28        android:debuggable="true"
29        android:icon="@mipmap/ic_launcher"
29-->src/main/AndroidManifest.xml:7:9-43
30        android:label="الخيمة"
30-->src/main/AndroidManifest.xml:6:9-31
31        android:usesCleartextTraffic="true" >
31-->src/main/AndroidManifest.xml:5:8-43
32        <uses-library
32-->src/main/AndroidManifest.xml:8:8-10:39
33            android:name="org.apache.http.legacy"
33-->src/main/AndroidManifest.xml:9:12-49
34            android:required="false" />
34-->src/main/AndroidManifest.xml:10:12-36
35
36        <activity
36-->src/main/AndroidManifest.xml:11:8-39:20
37            android:name="com.hwaya.khyma.MainActivity"
37-->src/main/AndroidManifest.xml:12:13-41
38            android:configChanges="orientation|keyboardHidden|keyboard|screenSize|smallestScreenSize|locale|layoutDirection|fontScale|screenLayout|density|uiMode"
38-->src/main/AndroidManifest.xml:15:13-163
39            android:hardwareAccelerated="true"
39-->src/main/AndroidManifest.xml:16:13-47
40            android:launchMode="singleTop"
40-->src/main/AndroidManifest.xml:13:13-43
41            android:theme="@style/LaunchTheme"
41-->src/main/AndroidManifest.xml:14:13-47
42            android:windowSoftInputMode="adjustResize" >
42-->src/main/AndroidManifest.xml:17:13-55
43
44            <!--
45                 Specifies an Android theme to apply to this Activity as soon as
46                 the Android process has started. This theme is visible to the user
47                 while the Flutter UI initializes. After that, this theme continues
48                 to determine the Window background behind the Flutter UI.
49            -->
50            <meta-data
50-->src/main/AndroidManifest.xml:22:13-25:17
51                android:name="io.flutter.embedding.android.NormalTheme"
51-->src/main/AndroidManifest.xml:23:15-70
52                android:resource="@style/NormalTheme" />
52-->src/main/AndroidManifest.xml:24:15-52
53            <!--
54                 Displays an Android View that continues showing the launch screen
55                 Drawable until Flutter paints its first frame, then this splash
56                 screen fades out. A splash screen is useful to avoid any visual
57                 gap between the end of Android's launch screen and the painting of
58                 Flutter's first frame.
59            -->
60            <meta-data
60-->src/main/AndroidManifest.xml:31:13-34:17
61                android:name="io.flutter.embedding.android.SplashScreenDrawable"
61-->src/main/AndroidManifest.xml:32:15-79
62                android:resource="@drawable/launch_background" />
62-->src/main/AndroidManifest.xml:33:15-61
63
64            <intent-filter>
64-->src/main/AndroidManifest.xml:35:13-38:29
65                <action android:name="android.intent.action.MAIN" />
65-->src/main/AndroidManifest.xml:36:17-68
65-->src/main/AndroidManifest.xml:36:25-66
66
67                <category android:name="android.intent.category.LAUNCHER" />
67-->src/main/AndroidManifest.xml:37:17-76
67-->src/main/AndroidManifest.xml:37:27-74
68            </intent-filter>
69        </activity>
70        <!--
71             Don't delete the meta-data below.
72             This is used by the Flutter tool to generate GeneratedPluginRegistrant.java
73        -->
74        <meta-data
74-->src/main/AndroidManifest.xml:42:9-44:33
75            android:name="flutterEmbedding"
75-->src/main/AndroidManifest.xml:43:13-44
76            android:value="2" />
76-->src/main/AndroidManifest.xml:44:13-30
77
78        <activity
78-->[:flutter_inappwebview] AndroidManifest.xml:14:9-17:47
79            android:name="com.pichillilorenzo.flutter_inappwebview.in_app_browser.InAppBrowserActivity"
79-->[:flutter_inappwebview] AndroidManifest.xml:15:13-104
80            android:configChanges="orientation|keyboardHidden|keyboard|screenSize|locale|layoutDirection|fontScale|screenLayout|density"
80-->[:flutter_inappwebview] AndroidManifest.xml:16:13-137
81            android:theme="@style/AppTheme" />
81-->[:flutter_inappwebview] AndroidManifest.xml:17:13-44
82        <activity
82-->[:flutter_inappwebview] AndroidManifest.xml:18:9-20:55
83            android:name="com.pichillilorenzo.flutter_inappwebview.chrome_custom_tabs.ChromeCustomTabsActivity"
83-->[:flutter_inappwebview] AndroidManifest.xml:19:13-112
84            android:theme="@style/ThemeTransparent" />
84-->[:flutter_inappwebview] AndroidManifest.xml:20:13-52
85
86        <receiver android:name="com.pichillilorenzo.flutter_inappwebview.chrome_custom_tabs.ActionBroadcastReceiver" />
86-->[:flutter_inappwebview] AndroidManifest.xml:22:9-120
86-->[:flutter_inappwebview] AndroidManifest.xml:22:19-117
87
88        <meta-data
88-->[:flutter_inappwebview] AndroidManifest.xml:24:9-26:36
89            android:name="io.flutter.embedded_views_preview"
89-->[:flutter_inappwebview] AndroidManifest.xml:25:13-61
90            android:value="true" />
90-->[:flutter_inappwebview] AndroidManifest.xml:26:13-33
91
92        <receiver android:name="com.dexterous.flutterlocalnotifications.ScheduledNotificationReceiver" />
92-->[:flutter_local_notifications] AndroidManifest.xml:12:9-106
92-->[:flutter_local_notifications] AndroidManifest.xml:12:19-103
93        <receiver android:name="com.dexterous.flutterlocalnotifications.ScheduledNotificationBootReceiver" >
93-->[:flutter_local_notifications] AndroidManifest.xml:13:9-20:20
93-->[:flutter_local_notifications] AndroidManifest.xml:13:19-107
94            <intent-filter>
94-->[:flutter_local_notifications] AndroidManifest.xml:14:13-19:29
95                <action android:name="android.intent.action.BOOT_COMPLETED" />
95-->[:flutter_local_notifications] AndroidManifest.xml:15:17-79
95-->[:flutter_local_notifications] AndroidManifest.xml:15:25-76
96                <action android:name="android.intent.action.MY_PACKAGE_REPLACED" />
96-->[:flutter_local_notifications] AndroidManifest.xml:16:17-84
96-->[:flutter_local_notifications] AndroidManifest.xml:16:25-81
97                <action android:name="android.intent.action.QUICKBOOT_POWERON" />
97-->[:flutter_local_notifications] AndroidManifest.xml:17:17-82
97-->[:flutter_local_notifications] AndroidManifest.xml:17:25-79
98                <action android:name="com.htc.intent.action.QUICKBOOT_POWERON" />
98-->[:flutter_local_notifications] AndroidManifest.xml:18:17-82
98-->[:flutter_local_notifications] AndroidManifest.xml:18:25-79
99            </intent-filter>
100        </receiver>
101    </application>
102
103</manifest>